[1 of 1] Compiling Main             ( /tmp/cabal-tmp-31511/bmp-1.2.6.3/dist/dist-sandbox-b06cb84c/setup/setup.hs, /tmp/cabal-tmp-31511/bmp-1.2.6.3/dist/dist-sandbox-b06cb84c/setup/Main.o )
Linking /tmp/cabal-tmp-31511/bmp-1.2.6.3/dist/dist-sandbox-b06cb84c/setup/setup ...
Configuring bmp-1.2.6.3...
Building bmp-1.2.6.3...
Preprocessing library bmp-1.2.6.3...
[ 1 of 12] Compiling Codec.BMP.CIEXYZ ( Codec/BMP/CIEXYZ.hs, dist/dist-sandbox-b06cb84c/build/Codec/BMP/CIEXYZ.o )
[ 2 of 12] Compiling Codec.BMP.Compression ( Codec/BMP/Compression.hs, dist/dist-sandbox-b06cb84c/build/Codec/BMP/Compression.o )
[ 3 of 12] Compiling Codec.BMP.Error  ( Codec/BMP/Error.hs, dist/dist-sandbox-b06cb84c/build/Codec/BMP/Error.o )
[ 4 of 12] Compiling Codec.BMP.BitmapInfoV3 ( Codec/BMP/BitmapInfoV3.hs, dist/dist-sandbox-b06cb84c/build/Codec/BMP/BitmapInfoV3.o )
[ 5 of 12] Compiling Codec.BMP.FileHeader ( Codec/BMP/FileHeader.hs, dist/dist-sandbox-b06cb84c/build/Codec/BMP/FileHeader.o )
[ 6 of 12] Compiling Codec.BMP.BitmapInfoV4 ( Codec/BMP/BitmapInfoV4.hs, dist/dist-sandbox-b06cb84c/build/Codec/BMP/BitmapInfoV4.o )
[ 7 of 12] Compiling Codec.BMP.BitmapInfoV5 ( Codec/BMP/BitmapInfoV5.hs, dist/dist-sandbox-b06cb84c/build/Codec/BMP/BitmapInfoV5.o )
[ 8 of 12] Compiling Codec.BMP.BitmapInfo ( Codec/BMP/BitmapInfo.hs, dist/dist-sandbox-b06cb84c/build/Codec/BMP/BitmapInfo.o )
[ 9 of 12] Compiling Codec.BMP.Base   ( Codec/BMP/Base.hs, dist/dist-sandbox-b06cb84c/build/Codec/BMP/Base.o )
[10 of 12] Compiling Codec.BMP.Unpack ( Codec/BMP/Unpack.hs, dist/dist-sandbox-b06cb84c/build/Codec/BMP/Unpack.o )
[11 of 12] Compiling Codec.BMP.Pack   ( Codec/BMP/Pack.hs, dist/dist-sandbox-b06cb84c/build/Codec/BMP/Pack.o )
[12 of 12] Compiling Codec.BMP        ( Codec/BMP.hs, dist/dist-sandbox-b06cb84c/build/Codec/BMP.o )
In-place registering bmp-1.2.6.3...
Creating package registration file: /tmp/pkgConf-bmp-1.2.6982906996135497281.3
Installing library in
/home/om/haskell-7/.cabal-sandbox/lib/x86_64-linux-ghc-7.10.3/bmp-1.2.6.3-FeSQFAxzRy4Ci7zfvwKpGS
Registering bmp-1.2.6.3...
